<?xml version='1.0'?>
<ns2:test-suite xmlns:ns2='urn:model.allure.qatools.yandex.ru' start='1621718847536' stop='1621718859070'>
    <name>The Internet Guinea Pig Website: As a user, I can log into the secure area</name>
    <title>The Internet Guinea Pig Website: As a user, I can log into the secure area</title>
    <test-cases>
        <test-case start='1621718847537' status='passed' stop='1621718847540'>
            <name></name>
            <title></title>
            <labels>
                <label name='language' value='javascript'/>
                <label name='framework' value='wdio'/>
                <label name='thread' value='0-0'/>
            </labels>
            <parameters>
                <parameter kind='argument' name='browser' value='chrome-90.0.4430.212'/>
            </parameters>
            <steps/>
            <attachments/>
        </test-case>
        <test-case start='1621718847540' status='passed' stop='1621718859067'>
            <name>Given I am on the login page</name>
            <title>Given I am on the login page</title>
            <labels>
                <label name='language' value='javascript'/>
                <label name='framework' value='wdio'/>
                <label name='thread' value='0-0'/>
            </labels>
            <parameters>
                <parameter kind='argument' name='browser' value='chrome-90.0.4430.212'/>
            </parameters>
            <steps>
                <step start='1621718847546' status='passed' stop='1621718859066'>
                    <name>POST /session/:sessionId/url</name>
                    <title>POST /session/:sessionId/url</title>
                    <attachments>
                        <attachment title='Request' source='58617698-c4eb-4eac-bbd2-50ce75a419a1-attachment.json' type='application/json' size='45'/>
                    </attachments>
                    <steps/>
                </step>
            </steps>
            <attachments/>
        </test-case>
        <test-case start='1621718859067' status='broken' stop='1621718859067'>
            <name>When I login with jagdishnayak1@gmail.com</name>
            <title>When I login with jagdishnayak1@gmail.com</title>
            <labels>
                <label name='language' value='javascript'/>
                <label name='framework' value='wdio'/>
                <label name='thread' value='0-0'/>
            </labels>
            <parameters>
                <parameter kind='argument' name='browser' value='chrome-90.0.4430.212'/>
            </parameters>
            <steps/>
            <attachments/>
            <failure>
                <message>Step "I login with jagdishnayak1@gmail.com" is not defined. You can ignore this error by setting cucumberOpts.ignoreUndefinedDefinitions as true.</message>
                <stack-trace>Step "I login with jagdishnayak1@gmail.com" is not defined. You can ignore this error by setting cucumberOpts.ignoreUndefinedDefinitions as true.
                	at Feature(C:\Users\bunny\OneDrive\Documents\Wipro Tasks\webdriverio-automation\features\login.feature):1:1
                	at Scenario(As a user, I can log into the secure area):3:3
                	at Step(I login with &lt;emailID>):6:5
                </stack-trace>
            </failure>
        </test-case>
        <test-case start='1621718859068' status='broken' stop='1621718859068'>
            <name>When I register with "Jagdish", "Nayak"," jagdish"," 24","June","2000","WIPRO","LA","LA","LA","California","222456","United States","998877" and "Brevery Hills"</name>
            <title>When I register with "Jagdish", "Nayak"," jagdish"," 24","June","2000","WIPRO","LA","LA","LA","California","222456","United States","998877" and "Brevery Hills"</title>
            <labels>
                <label name='language' value='javascript'/>
                <label name='framework' value='wdio'/>
                <label name='thread' value='0-0'/>
            </labels>
            <parameters>
                <parameter kind='argument' name='browser' value='chrome-90.0.4430.212'/>
            </parameters>
            <steps/>
            <attachments/>
            <failure>
                <message>Step "I register with "Jagdish", "Nayak"," jagdish"," 24","June","2000","WIPRO","LA","LA","LA","California","222456","United States","998877" and "Brevery Hills"" is not defined. You can ignore this error by setting cucumberOpts.ignoreUndefinedDefinitions as true.</message>
                <stack-trace>Step "I register with "Jagdish", "Nayak"," jagdish"," 24","June","2000","WIPRO","LA","LA","LA","California","222456","United States","998877" and "Brevery Hills"" is not defined. You can ignore this error by setting cucumberOpts.ignoreUndefinedDefinitions as true.
                	at Feature(C:\Users\bunny\OneDrive\Documents\Wipro Tasks\webdriverio-automation\features\login.feature):1:1
                	at Scenario(As a user, I can log into the secure area):3:3
                	at Step(I register with "&lt;firstName>", "&lt;lastName>"," &lt;password>"," &lt;DOBDD>","&lt;DOBMM>","&lt;DOBYY>","&lt;company>","&lt;address>","&lt;address2>","&lt;city>","&lt;state>","&lt;zip>","&lt;country>","&lt;mobile>" and "&lt;addressalias>"):7:5
                </stack-trace>
            </failure>
        </test-case>
        <test-case start='1621718859068' status='passed' stop='1621718859069'>
            <name></name>
            <title></title>
            <labels>
                <label name='language' value='javascript'/>
                <label name='framework' value='wdio'/>
                <label name='thread' value='0-0'/>
            </labels>
            <parameters>
                <parameter kind='argument' name='browser' value='chrome-90.0.4430.212'/>
            </parameters>
            <steps/>
            <attachments/>
        </test-case>
    </test-cases>
</ns2:test-suite>