<?xml version='1.0'?>
<ns2:test-suite xmlns:ns2='urn:model.allure.qatools.yandex.ru' start='1621751421379' stop='1621751481406'>
    <name>The Internet Guinea Pig Website: As a user, I can log into the secure area</name>
    <title>The Internet Guinea Pig Website: As a user, I can log into the secure area</title>
    <test-cases>
        <test-case start='1621751421381' status='passed' stop='1621751421386'>
            <name></name>
            <title></title>
            <labels>
                <label name='language' value='javascript'/>
                <label name='framework' value='wdio'/>
                <label name='thread' value='0-0'/>
            </labels>
            <parameters>
                <parameter kind='argument' name='browser' value='chrome-90.0.4430.212'/>
            </parameters>
            <steps/>
            <attachments/>
        </test-case>
        <test-case start='1621751421386' status='broken' stop='1621751481402'>
            <name>Given I am on the login page</name>
            <title>Given I am on the login page</title>
            <labels>
                <label name='language' value='javascript'/>
                <label name='framework' value='wdio'/>
                <label name='thread' value='0-0'/>
            </labels>
            <parameters>
                <parameter kind='argument' name='browser' value='chrome-90.0.4430.212'/>
            </parameters>
            <steps>
                <step start='1621751421391' status='broken' stop='1621751481402'>
                    <name>POST /session/:sessionId/url</name>
                    <title>POST /session/:sessionId/url</title>
                    <attachments>
                        <attachment title='Request' source='577ab649-97af-46d2-9d6e-699a8d6d7c31-attachment.json' type='application/json' size='45'/>
                    </attachments>
                    <steps/>
                </step>
            </steps>
            <attachments/>
            <failure>
                <message>Error: function timed out, ensure the promise resolves within 60000 milliseconds</message>
                <stack-trace>Error: function timed out, ensure the promise resolves within 60000 milliseconds
                    at Timeout._onTimeout (C:\Users\bunny\OneDrive\Documents\Wipro Tasks\webdriverio-automation\node_modules\@cucumber\cucumber\src\user_code_runner.ts:80:18)
                    at listOnTimeout (internal/timers.js:555:17)
                    at processTimers (internal/timers.js:498:7)</stack-trace>
            </failure>
        </test-case>
        <test-case start='1621751481403' status='undefined'>
            <name>When I login with jagdishnayak4@gmail.com</name>
            <title>When I login with jagdishnayak4@gmail.com</title>
            <labels>
                <label name='language' value='javascript'/>
                <label name='framework' value='wdio'/>
                <label name='thread' value='0-0'/>
            </labels>
            <parameters>
                <parameter kind='argument' name='browser' value='chrome-90.0.4430.212'/>
            </parameters>
            <steps/>
            <attachments/>
        </test-case>
        <test-case start='1621751481403' status='pending' stop='1621751481403'>
            <name>I login with jagdishnayak4@gmail.com</name>
            <title>I login with jagdishnayak4@gmail.com</title>
            <labels/>
            <parameters/>
            <steps/>
            <attachments/>
            <failure>
                <message>Test ignored</message>
                <stack-trace>undefined</stack-trace>
            </failure>
        </test-case>
        <test-case start='1621751481403' status='undefined'>
            <name>When I register with Jagdish, Nayak, jagdish, 12, June, 2005, WIPRO, LA, LA, Los Angels, California, 90001, United States, NA, 123456, 9988776600 and Home Sweet Home</name>
            <title>When I register with Jagdish, Nayak, jagdish, 12, June, 2005, WIPRO, LA, LA, Los Angels, California, 90001, United States, NA, 123456, 9988776600 and Home Sweet Home</title>
            <labels>
                <label name='language' value='javascript'/>
                <label name='framework' value='wdio'/>
                <label name='thread' value='0-0'/>
            </labels>
            <parameters>
                <parameter kind='argument' name='browser' value='chrome-90.0.4430.212'/>
            </parameters>
            <steps/>
            <attachments/>
        </test-case>
        <test-case start='1621751481404' status='pending' stop='1621751481404'>
            <name>I register with Jagdish, Nayak, jagdish, 12, June, 2005, WIPRO, LA, LA, Los Angels, California, 90001, United States, NA, 123456, 9988776600 and Home Sweet Home</name>
            <title>I register with Jagdish, Nayak, jagdish, 12, June, 2005, WIPRO, LA, LA, Los Angels, California, 90001, United States, NA, 123456, 9988776600 and Home Sweet Home</title>
            <labels/>
            <parameters/>
            <steps/>
            <attachments/>
            <failure>
                <message>Test ignored</message>
                <stack-trace>undefined</stack-trace>
            </failure>
        </test-case>
        <test-case start='1621751481404' status='passed' stop='1621751481405'>
            <name></name>
            <title></title>
            <labels>
                <label name='language' value='javascript'/>
                <label name='framework' value='wdio'/>
                <label name='thread' value='0-0'/>
            </labels>
            <parameters>
                <parameter kind='argument' name='browser' value='chrome-90.0.4430.212'/>
            </parameters>
            <steps/>
            <attachments/>
        </test-case>
    </test-cases>
</ns2:test-suite>