<?xml version='1.0'?>
<ns2:test-suite xmlns:ns2='urn:model.allure.qatools.yandex.ru' start='1621722834967' stop='1621722895009'>
    <name>The Internet Guinea Pig Website: As a user, I can log into the secure area</name>
    <title>The Internet Guinea Pig Website: As a user, I can log into the secure area</title>
    <test-cases>
        <test-case start='1621722834970' status='passed' stop='1621722834977'>
            <name></name>
            <title></title>
            <labels>
                <label name='language' value='javascript'/>
                <label name='framework' value='wdio'/>
                <label name='thread' value='0-0'/>
            </labels>
            <parameters>
                <parameter kind='argument' name='browser' value='chrome-90.0.4430.212'/>
            </parameters>
            <steps/>
            <attachments/>
        </test-case>
        <test-case start='1621722834977' status='broken' stop='1621722895003'>
            <name>Given I am on the login page</name>
            <title>Given I am on the login page</title>
            <labels>
                <label name='language' value='javascript'/>
                <label name='framework' value='wdio'/>
                <label name='thread' value='0-0'/>
            </labels>
            <parameters>
                <parameter kind='argument' name='browser' value='chrome-90.0.4430.212'/>
            </parameters>
            <steps>
                <step start='1621722834981' status='broken' stop='1621722895002'>
                    <name>POST /session/:sessionId/url</name>
                    <title>POST /session/:sessionId/url</title>
                    <attachments>
                        <attachment title='Request' source='d088cd2c-ad8e-4c75-859c-f46030f2fe3e-attachment.json' type='application/json' size='45'/>
                    </attachments>
                    <steps/>
                </step>
            </steps>
            <attachments/>
            <failure>
                <message>Error: function timed out, ensure the promise resolves within 60000 milliseconds</message>
                <stack-trace>Error: function timed out, ensure the promise resolves within 60000 milliseconds
                    at Timeout._onTimeout (C:\Users\bunny\OneDrive\Documents\Wipro Tasks\webdriverio-automation\node_modules\@cucumber\cucumber\src\user_code_runner.ts:80:18)
                    at listOnTimeout (internal/timers.js:555:17)
                    at processTimers (internal/timers.js:498:7)</stack-trace>
            </failure>
        </test-case>
        <test-case start='1621722895003' status='undefined'>
            <name>When I login with jagdishnayak1@gmail.com</name>
            <title>When I login with jagdishnayak1@gmail.com</title>
            <labels>
                <label name='language' value='javascript'/>
                <label name='framework' value='wdio'/>
                <label name='thread' value='0-0'/>
            </labels>
            <parameters>
                <parameter kind='argument' name='browser' value='chrome-90.0.4430.212'/>
            </parameters>
            <steps/>
            <attachments/>
        </test-case>
        <test-case start='1621722895004' status='pending' stop='1621722895004'>
            <name>I login with jagdishnayak1@gmail.com</name>
            <title>I login with jagdishnayak1@gmail.com</title>
            <labels/>
            <parameters/>
            <steps/>
            <attachments/>
            <failure>
                <message>Test ignored</message>
                <stack-trace>undefined</stack-trace>
            </failure>
        </test-case>
        <test-case start='1621722895005' status='undefined'>
            <name>When I register with Jagdish, Nayak, jagdish, 12, June, 2005, WIPRO, LA, LA, LA, California, 222456, United States, 998877 and Brevery Hills</name>
            <title>When I register with Jagdish, Nayak, jagdish, 12, June, 2005, WIPRO, LA, LA, LA, California, 222456, United States, 998877 and Brevery Hills</title>
            <labels>
                <label name='language' value='javascript'/>
                <label name='framework' value='wdio'/>
                <label name='thread' value='0-0'/>
            </labels>
            <parameters>
                <parameter kind='argument' name='browser' value='chrome-90.0.4430.212'/>
            </parameters>
            <steps/>
            <attachments/>
        </test-case>
        <test-case start='1621722895005' status='pending' stop='1621722895005'>
            <name>I register with Jagdish, Nayak, jagdish, 12, June, 2005, WIPRO, LA, LA, LA, California, 222456, United States, 998877 and Brevery Hills</name>
            <title>I register with Jagdish, Nayak, jagdish, 12, June, 2005, WIPRO, LA, LA, LA, California, 222456, United States, 998877 and Brevery Hills</title>
            <labels/>
            <parameters/>
            <steps/>
            <attachments/>
            <failure>
                <message>Test ignored</message>
                <stack-trace>undefined</stack-trace>
            </failure>
        </test-case>
        <test-case start='1621722895005' status='passed' stop='1621722895006'>
            <name></name>
            <title></title>
            <labels>
                <label name='language' value='javascript'/>
                <label name='framework' value='wdio'/>
                <label name='thread' value='0-0'/>
            </labels>
            <parameters>
                <parameter kind='argument' name='browser' value='chrome-90.0.4430.212'/>
            </parameters>
            <steps/>
            <attachments/>
        </test-case>
    </test-cases>
</ns2:test-suite>