<?xml version='1.0'?>
<ns2:test-suite xmlns:ns2='urn:model.allure.qatools.yandex.ru' start='1621765955494' stop='1621765956666'>
    <name>The Internet Guinea Pig Website: As a user, I can log into the secure area</name>
    <title>The Internet Guinea Pig Website: As a user, I can log into the secure area</title>
    <test-cases>
        <test-case start='1621765955496' status='passed' stop='1621765955501'>
            <name></name>
            <title></title>
            <labels>
                <label name='language' value='javascript'/>
                <label name='framework' value='wdio'/>
                <label name='thread' value='0-0'/>
            </labels>
            <parameters>
                <parameter kind='argument' name='browser' value='chrome-90.0.4430.212'/>
            </parameters>
            <steps/>
            <attachments/>
        </test-case>
        <test-case start='1621765955502' status='broken' stop='1621765956659'>
            <name>Given I am on the login page</name>
            <title>Given I am on the login page</title>
            <labels>
                <label name='language' value='javascript'/>
                <label name='framework' value='wdio'/>
                <label name='thread' value='0-0'/>
            </labels>
            <parameters>
                <parameter kind='argument' name='browser' value='chrome-90.0.4430.212'/>
            </parameters>
            <steps>
                <step start='1621765955507' status='broken' stop='1621765956659'>
                    <name>POST /session/:sessionId/url</name>
                    <title>POST /session/:sessionId/url</title>
                    <attachments>
                        <attachment title='Request' source='805b30fe-2531-4b17-9024-ca427cccfb0f-attachment.json' type='application/json' size='45'/>
                    </attachments>
                    <steps/>
                </step>
            </steps>
            <attachments/>
            <failure>
                <message>unknown error: unknown error: net::ERR_INTERNET_DISCONNECTED</message>
                <stack-trace>unknown error: unknown error: net::ERR_INTERNET_DISCONNECTED
                  (Session info: chrome=90.0.4430.212)
                    at Object.getErrorFromResponseBody (C:\Users\bunny\OneDrive\Documents\Wipro Tasks\webdriverio-automation\node_modules\webdriver\build\utils.js:189:12)
                    at WebDriverRequest._request (C:\Users\bunny\OneDrive\Documents\Wipro Tasks\webdriverio-automation\node_modules\webdriver\build\request.js:168:31)
                    at processTicksAndRejections (internal/process/task_queues.js:95:5)
                    at Browser.wrapCommandFn (C:\Users\bunny\OneDrive\Documents\Wipro Tasks\webdriverio-automation\node_modules\@wdio\utils\build\shim.js:78:29)
                    at Browser.wrapCommandFn (C:\Users\bunny\OneDrive\Documents\Wipro Tasks\webdriverio-automation\node_modules\@wdio\utils\build\shim.js:78:29)
                    at World.&lt;anonymous> (C:\Users\bunny\OneDrive\Documents\Wipro Tasks\webdriverio-automation\features\step-definitions\steps.js:23:5)
                    at World.executeAsync (C:\Users\bunny\OneDrive\Documents\Wipro Tasks\webdriverio-automation\node_modules\@wdio\utils\build\shim.js:136:16)
                    at World.testFrameworkFnWrapper (C:\Users\bunny\OneDrive\Documents\Wipro Tasks\webdriverio-automation\node_modules\@wdio\utils\build\test-framework\testFnWrapper.js:52:18)</stack-trace>
            </failure>
        </test-case>
        <test-case start='1621765956660' status='undefined'>
            <name>When I login with jagdishnayak4@gmail.com</name>
            <title>When I login with jagdishnayak4@gmail.com</title>
            <labels>
                <label name='language' value='javascript'/>
                <label name='framework' value='wdio'/>
                <label name='thread' value='0-0'/>
            </labels>
            <parameters>
                <parameter kind='argument' name='browser' value='chrome-90.0.4430.212'/>
            </parameters>
            <steps/>
            <attachments/>
        </test-case>
        <test-case start='1621765956661' status='pending' stop='1621765956661'>
            <name>I login with jagdishnayak4@gmail.com</name>
            <title>I login with jagdishnayak4@gmail.com</title>
            <labels/>
            <parameters/>
            <steps/>
            <attachments/>
            <failure>
                <message>Test ignored</message>
                <stack-trace>undefined</stack-trace>
            </failure>
        </test-case>
        <test-case start='1621765956661' status='undefined'>
            <name>When I register with Jagdish, Nayak, jagdish, 12, June, 2005, WIPRO, LA, LA, Los Angels, California, 90001, United States, NA, 123456, 9988776600 and Home Sweet Home</name>
            <title>When I register with Jagdish, Nayak, jagdish, 12, June, 2005, WIPRO, LA, LA, Los Angels, California, 90001, United States, NA, 123456, 9988776600 and Home Sweet Home</title>
            <labels>
                <label name='language' value='javascript'/>
                <label name='framework' value='wdio'/>
                <label name='thread' value='0-0'/>
            </labels>
            <parameters>
                <parameter kind='argument' name='browser' value='chrome-90.0.4430.212'/>
            </parameters>
            <steps/>
            <attachments/>
        </test-case>
        <test-case start='1621765956661' status='pending' stop='1621765956661'>
            <name>I register with Jagdish, Nayak, jagdish, 12, June, 2005, WIPRO, LA, LA, Los Angels, California, 90001, United States, NA, 123456, 9988776600 and Home Sweet Home</name>
            <title>I register with Jagdish, Nayak, jagdish, 12, June, 2005, WIPRO, LA, LA, Los Angels, California, 90001, United States, NA, 123456, 9988776600 and Home Sweet Home</title>
            <labels/>
            <parameters/>
            <steps/>
            <attachments/>
            <failure>
                <message>Test ignored</message>
                <stack-trace>undefined</stack-trace>
            </failure>
        </test-case>
        <test-case start='1621765956661' status='undefined'>
            <name>Then I should Sign Out</name>
            <title>Then I should Sign Out</title>
            <labels>
                <label name='language' value='javascript'/>
                <label name='framework' value='wdio'/>
                <label name='thread' value='0-0'/>
            </labels>
            <parameters>
                <parameter kind='argument' name='browser' value='chrome-90.0.4430.212'/>
            </parameters>
            <steps/>
            <attachments/>
        </test-case>
        <test-case start='1621765956662' status='pending' stop='1621765956662'>
            <name>I should Sign Out</name>
            <title>I should Sign Out</title>
            <labels/>
            <parameters/>
            <steps/>
            <attachments/>
            <failure>
                <message>Test ignored</message>
                <stack-trace>undefined</stack-trace>
            </failure>
        </test-case>
        <test-case start='1621765956662' status='undefined'>
            <name>Then I should Sign In again with jagdishnayak4@gmail.com and jagdish</name>
            <title>Then I should Sign In again with jagdishnayak4@gmail.com and jagdish</title>
            <labels>
                <label name='language' value='javascript'/>
                <label name='framework' value='wdio'/>
                <label name='thread' value='0-0'/>
            </labels>
            <parameters>
                <parameter kind='argument' name='browser' value='chrome-90.0.4430.212'/>
            </parameters>
            <steps/>
            <attachments/>
        </test-case>
        <test-case start='1621765956662' status='pending' stop='1621765956662'>
            <name>I should Sign In again with jagdishnayak4@gmail.com and jagdish</name>
            <title>I should Sign In again with jagdishnayak4@gmail.com and jagdish</title>
            <labels/>
            <parameters/>
            <steps/>
            <attachments/>
            <failure>
                <message>Test ignored</message>
                <stack-trace>undefined</stack-trace>
            </failure>
        </test-case>
        <test-case start='1621765956662' status='undefined'>
            <name>Then I should add a product to the cart</name>
            <title>Then I should add a product to the cart</title>
            <labels>
                <label name='language' value='javascript'/>
                <label name='framework' value='wdio'/>
                <label name='thread' value='0-0'/>
            </labels>
            <parameters>
                <parameter kind='argument' name='browser' value='chrome-90.0.4430.212'/>
            </parameters>
            <steps/>
            <attachments/>
        </test-case>
        <test-case start='1621765956662' status='pending' stop='1621765956662'>
            <name>I should add a product to the cart</name>
            <title>I should add a product to the cart</title>
            <labels/>
            <parameters/>
            <steps/>
            <attachments/>
            <failure>
                <message>Test ignored</message>
                <stack-trace>undefined</stack-trace>
            </failure>
        </test-case>
        <test-case start='1621765956662' status='undefined'>
            <name>Then I should proceed to checkout and continue till payment</name>
            <title>Then I should proceed to checkout and continue till payment</title>
            <labels>
                <label name='language' value='javascript'/>
                <label name='framework' value='wdio'/>
                <label name='thread' value='0-0'/>
            </labels>
            <parameters>
                <parameter kind='argument' name='browser' value='chrome-90.0.4430.212'/>
            </parameters>
            <steps/>
            <attachments/>
        </test-case>
        <test-case start='1621765956663' status='pending' stop='1621765956663'>
            <name>I should proceed to checkout and continue till payment</name>
            <title>I should proceed to checkout and continue till payment</title>
            <labels/>
            <parameters/>
            <steps/>
            <attachments/>
            <failure>
                <message>Test ignored</message>
                <stack-trace>undefined</stack-trace>
            </failure>
        </test-case>
        <test-case start='1621765956663' status='undefined'>
            <name>Then I should validate on the payment page if the product details are correct</name>
            <title>Then I should validate on the payment page if the product details are correct</title>
            <labels>
                <label name='language' value='javascript'/>
                <label name='framework' value='wdio'/>
                <label name='thread' value='0-0'/>
            </labels>
            <parameters>
                <parameter kind='argument' name='browser' value='chrome-90.0.4430.212'/>
            </parameters>
            <steps/>
            <attachments/>
        </test-case>
        <test-case start='1621765956663' status='pending' stop='1621765956663'>
            <name>I should validate on the payment page if the product details are correct</name>
            <title>I should validate on the payment page if the product details are correct</title>
            <labels/>
            <parameters/>
            <steps/>
            <attachments/>
            <failure>
                <message>Test ignored</message>
                <stack-trace>undefined</stack-trace>
            </failure>
        </test-case>
        <test-case start='1621765956663' status='passed' stop='1621765956664'>
            <name></name>
            <title></title>
            <labels>
                <label name='language' value='javascript'/>
                <label name='framework' value='wdio'/>
                <label name='thread' value='0-0'/>
            </labels>
            <parameters>
                <parameter kind='argument' name='browser' value='chrome-90.0.4430.212'/>
            </parameters>
            <steps/>
            <attachments/>
        </test-case>
    </test-cases>
</ns2:test-suite>