<?xml version='1.0'?>
<ns2:test-suite xmlns:ns2='urn:model.allure.qatools.yandex.ru' start='1621710005053' stop='1621710018519'>
    <name>The Internet Guinea Pig Website: As a user, I can log into the secure area</name>
    <title>The Internet Guinea Pig Website: As a user, I can log into the secure area</title>
    <test-cases>
        <test-case start='1621710005053' status='passed' stop='1621710005061'>
            <name></name>
            <title></title>
            <labels>
                <label name='language' value='javascript'/>
                <label name='framework' value='wdio'/>
                <label name='thread' value='0-0'/>
            </labels>
            <parameters>
                <parameter kind='argument' name='browser' value='chrome-90.0.4430.212'/>
            </parameters>
            <steps/>
            <attachments/>
        </test-case>
        <test-case start='1621710005061' status='broken' stop='1621710018514'>
            <name>Given I am on the login page</name>
            <title>Given I am on the login page</title>
            <labels>
                <label name='language' value='javascript'/>
                <label name='framework' value='wdio'/>
                <label name='thread' value='0-0'/>
            </labels>
            <parameters>
                <parameter kind='argument' name='browser' value='chrome-90.0.4430.212'/>
            </parameters>
            <steps>
                <step start='1621710005064' status='broken' stop='1621710018514'>
                    <name>POST /session/:sessionId/url</name>
                    <title>POST /session/:sessionId/url</title>
                    <attachments>
                        <attachment title='Request' source='a53ab047-6e47-42b9-b15e-353ae05b3fb2-attachment.json' type='application/json' size='45'/>
                    </attachments>
                    <steps>
                        <step start='1621710018490' status='broken' stop='1621710018514'>
                            <name>DELETE /session/:sessionId</name>
                            <title>DELETE /session/:sessionId</title>
                            <attachments/>
                            <steps/>
                        </step>
                    </steps>
                </step>
            </steps>
            <attachments/>
            <failure>
                <message>RequestError: read ECONNRESET</message>
                <stack-trace>RequestError: read ECONNRESET
                    at ClientRequest.&lt;anonymous> (C:\Users\bunny\OneDrive\Documents\Wipro Tasks\webdriverio-automation\node_modules\got\dist\source\core\index.js:956:111)
                    at Object.onceWrapper (events.js:483:26)
                    at ClientRequest.emit (events.js:388:22)
                    at ClientRequest.emit (domain.js:470:12)
                    at ClientRequest.origin.emit (C:\Users\bunny\OneDrive\Documents\Wipro Tasks\webdriverio-automation\node_modules\@szmarczak\http-timer\dist\source\index.js:39:20)
                    at Socket.socketErrorListener (_http_client.js:475:9)
                    at Socket.emit (events.js:376:20)
                    at Socket.emit (domain.js:470:12)
                    at emitErrorNT (internal/streams/destroy.js:106:8)
                    at emitErrorCloseNT (internal/streams/destroy.js:74:3)
                    at processTicksAndRejections (internal/process/task_queues.js:82:21)
                    at TCP.onStreamRead (internal/stream_base_commons.js:209:20)</stack-trace>
            </failure>
        </test-case>
        <test-case start='1621710018515' status='undefined'>
            <name>When I login with jagdishnayak1@gmail.com</name>
            <title>When I login with jagdishnayak1@gmail.com</title>
            <labels>
                <label name='language' value='javascript'/>
                <label name='framework' value='wdio'/>
                <label name='thread' value='0-0'/>
            </labels>
            <parameters>
                <parameter kind='argument' name='browser' value='chrome-90.0.4430.212'/>
            </parameters>
            <steps/>
            <attachments/>
        </test-case>
        <test-case start='1621710018515' status='pending' stop='1621710018515'>
            <name>I login with jagdishnayak1@gmail.com</name>
            <title>I login with jagdishnayak1@gmail.com</title>
            <labels/>
            <parameters/>
            <steps/>
            <attachments/>
            <failure>
                <message>Test ignored</message>
                <stack-trace>undefined</stack-trace>
            </failure>
        </test-case>
        <test-case start='1621710018515' status='broken' stop='1621710018516'>
            <name>When I register with Jagdish, Nayak, jagdish, 24, June, 2000, WIPRO, LA, LA, California, 222456, United States, 998877 and Brevery Hills</name>
            <title>When I register with Jagdish, Nayak, jagdish, 24, June, 2000, WIPRO, LA, LA, California, 222456, United States, 998877 and Brevery Hills</title>
            <labels>
                <label name='language' value='javascript'/>
                <label name='framework' value='wdio'/>
                <label name='thread' value='0-0'/>
            </labels>
            <parameters>
                <parameter kind='argument' name='browser' value='chrome-90.0.4430.212'/>
            </parameters>
            <steps/>
            <attachments/>
            <failure>
                <message>Step "I register with Jagdish, Nayak, jagdish, 24, June, 2000, WIPRO, LA, LA, California, 222456, United States, 998877 and Brevery Hills" is not defined. You can ignore this error by setting cucumberOpts.ignoreUndefinedDefinitions as true.</message>
                <stack-trace>Step "I register with Jagdish, Nayak, jagdish, 24, June, 2000, WIPRO, LA, LA, California, 222456, United States, 998877 and Brevery Hills" is not defined. You can ignore this error by setting cucumberOpts.ignoreUndefinedDefinitions as true.
                	at Feature(C:\Users\bunny\OneDrive\Documents\Wipro Tasks\webdriverio-automation\features\login.feature):1:1
                	at Scenario(As a user, I can log into the secure area):3:3
                	at Step(I register with &lt;firstName>, &lt;lastName>, &lt;password>, &lt;DOBDD>, &lt;DOBMM>, &lt;DOBYY>, &lt;company>, &lt;address>, &lt;city>, &lt;state>, &lt;zip>, &lt;country>, &lt;mobile> and &lt;addressalias>):7:5
                </stack-trace>
            </failure>
        </test-case>
        <test-case start='1621710018517' status='passed' stop='1621710018518'>
            <name></name>
            <title></title>
            <labels>
                <label name='language' value='javascript'/>
                <label name='framework' value='wdio'/>
                <label name='thread' value='0-0'/>
            </labels>
            <parameters>
                <parameter kind='argument' name='browser' value='chrome-90.0.4430.212'/>
            </parameters>
            <steps/>
            <attachments/>
        </test-case>
    </test-cases>
</ns2:test-suite>