<?xml version='1.0'?>
<ns2:test-suite xmlns:ns2='urn:model.allure.qatools.yandex.ru' start='1621706216422' stop='1621706217261'>
    <name>The Internet Guinea Pig Website: As a user, I can log into the secure area</name>
    <title>The Internet Guinea Pig Website: As a user, I can log into the secure area</title>
    <test-cases>
        <test-case start='1621706216422' status='passed' stop='1621706216425'>
            <name></name>
            <title></title>
            <labels>
                <label name='language' value='javascript'/>
                <label name='framework' value='wdio'/>
                <label name='thread' value='0-0'/>
            </labels>
            <parameters>
                <parameter kind='argument' name='browser' value='chrome-90.0.4430.212'/>
            </parameters>
            <steps/>
            <attachments/>
        </test-case>
        <test-case start='1621706216425' status='broken' stop='1621706217256'>
            <name>Given I am on the login page</name>
            <title>Given I am on the login page</title>
            <labels>
                <label name='language' value='javascript'/>
                <label name='framework' value='wdio'/>
                <label name='thread' value='0-0'/>
            </labels>
            <parameters>
                <parameter kind='argument' name='browser' value='chrome-90.0.4430.212'/>
            </parameters>
            <steps>
                <step start='1621706216427' status='broken' stop='1621706217256'>
                    <name>POST /session/:sessionId/url</name>
                    <title>POST /session/:sessionId/url</title>
                    <attachments>
                        <attachment title='Request' source='814aab9d-49e4-45ed-96a9-7365681cde2b-attachment.json' type='application/json' size='50'/>
                    </attachments>
                    <steps/>
                </step>
            </steps>
            <attachments/>
            <failure>
                <message>unknown error: unknown error: net::ERR_INTERNET_DISCONNECTED</message>
                <stack-trace>unknown error: unknown error: net::ERR_INTERNET_DISCONNECTED
                  (Session info: chrome=90.0.4430.212)
                    at Object.getErrorFromResponseBody (C:\Users\bunny\OneDrive\Documents\Wipro Tasks\webdriverio-automation\node_modules\webdriver\build\utils.js:189:12)
                    at WebDriverRequest._request (C:\Users\bunny\OneDrive\Documents\Wipro Tasks\webdriverio-automation\node_modules\webdriver\build\request.js:168:31)
                    at processTicksAndRejections (internal/process/task_queues.js:95:5)
                    at Browser.wrapCommandFn (C:\Users\bunny\OneDrive\Documents\Wipro Tasks\webdriverio-automation\node_modules\@wdio\utils\build\shim.js:78:29)
                    at Browser.wrapCommandFn (C:\Users\bunny\OneDrive\Documents\Wipro Tasks\webdriverio-automation\node_modules\@wdio\utils\build\shim.js:78:29)
                    at World.&lt;anonymous> (C:\Users\bunny\OneDrive\Documents\Wipro Tasks\webdriverio-automation\features\step-definitions\steps.js:11:5)
                    at World.executeAsync (C:\Users\bunny\OneDrive\Documents\Wipro Tasks\webdriverio-automation\node_modules\@wdio\utils\build\shim.js:136:16)
                    at World.testFrameworkFnWrapper (C:\Users\bunny\OneDrive\Documents\Wipro Tasks\webdriverio-automation\node_modules\@wdio\utils\build\test-framework\testFnWrapper.js:52:18)</stack-trace>
            </failure>
        </test-case>
        <test-case start='1621706217257' status='undefined'>
            <name>When I login with jagdishnayak1@gmail.com</name>
            <title>When I login with jagdishnayak1@gmail.com</title>
            <labels>
                <label name='language' value='javascript'/>
                <label name='framework' value='wdio'/>
                <label name='thread' value='0-0'/>
            </labels>
            <parameters>
                <parameter kind='argument' name='browser' value='chrome-90.0.4430.212'/>
            </parameters>
            <steps/>
            <attachments/>
        </test-case>
        <test-case start='1621706217258' status='pending' stop='1621706217258'>
            <name>I login with jagdishnayak1@gmail.com</name>
            <title>I login with jagdishnayak1@gmail.com</title>
            <labels/>
            <parameters/>
            <steps/>
            <attachments/>
            <failure>
                <message>Test ignored</message>
                <stack-trace>undefined</stack-trace>
            </failure>
        </test-case>
        <test-case start='1621706217258' status='passed' stop='1621706217261'>
            <name></name>
            <title></title>
            <labels>
                <label name='language' value='javascript'/>
                <label name='framework' value='wdio'/>
                <label name='thread' value='0-0'/>
            </labels>
            <parameters>
                <parameter kind='argument' name='browser' value='chrome-90.0.4430.212'/>
            </parameters>
            <steps/>
            <attachments/>
        </test-case>
    </test-cases>
</ns2:test-suite>