<?xml version='1.0'?>
<ns2:test-suite xmlns:ns2='urn:model.allure.qatools.yandex.ru' start='1621743164263' stop='1621743224295'>
    <name>The Internet Guinea Pig Website: As a user, I can log into the secure area</name>
    <title>The Internet Guinea Pig Website: As a user, I can log into the secure area</title>
    <test-cases>
        <test-case start='1621743164265' status='passed' stop='1621743164269'>
            <name></name>
            <title></title>
            <labels>
                <label name='language' value='javascript'/>
                <label name='framework' value='wdio'/>
                <label name='thread' value='0-0'/>
            </labels>
            <parameters>
                <parameter kind='argument' name='browser' value='chrome-90.0.4430.212'/>
            </parameters>
            <steps/>
            <attachments/>
        </test-case>
        <test-case start='1621743164270' status='broken' stop='1621743224288'>
            <name>Given I am on the login page</name>
            <title>Given I am on the login page</title>
            <labels>
                <label name='language' value='javascript'/>
                <label name='framework' value='wdio'/>
                <label name='thread' value='0-0'/>
            </labels>
            <parameters>
                <parameter kind='argument' name='browser' value='chrome-90.0.4430.212'/>
            </parameters>
            <steps>
                <step start='1621743164277' status='broken' stop='1621743224287'>
                    <name>POST /session/:sessionId/url</name>
                    <title>POST /session/:sessionId/url</title>
                    <attachments>
                        <attachment title='Request' source='8f91161c-242d-45db-871c-2b07351552e8-attachment.json' type='application/json' size='45'/>
                    </attachments>
                    <steps/>
                </step>
            </steps>
            <attachments/>
            <failure>
                <message>Error: function timed out, ensure the promise resolves within 60000 milliseconds</message>
                <stack-trace>Error: function timed out, ensure the promise resolves within 60000 milliseconds
                    at Timeout._onTimeout (C:\Users\bunny\OneDrive\Documents\Wipro Tasks\webdriverio-automation\node_modules\@cucumber\cucumber\src\user_code_runner.ts:80:18)
                    at listOnTimeout (internal/timers.js:555:17)
                    at processTimers (internal/timers.js:498:7)</stack-trace>
            </failure>
        </test-case>
        <test-case start='1621743224288' status='undefined'>
            <name>When I login with jagdishnayak4@gmail.com</name>
            <title>When I login with jagdishnayak4@gmail.com</title>
            <labels>
                <label name='language' value='javascript'/>
                <label name='framework' value='wdio'/>
                <label name='thread' value='0-0'/>
            </labels>
            <parameters>
                <parameter kind='argument' name='browser' value='chrome-90.0.4430.212'/>
            </parameters>
            <steps/>
            <attachments/>
        </test-case>
        <test-case start='1621743224288' status='pending' stop='1621743224288'>
            <name>I login with jagdishnayak4@gmail.com</name>
            <title>I login with jagdishnayak4@gmail.com</title>
            <labels/>
            <parameters/>
            <steps/>
            <attachments/>
            <failure>
                <message>Test ignored</message>
                <stack-trace>undefined</stack-trace>
            </failure>
        </test-case>
        <test-case start='1621743224289' status='undefined'>
            <name>When I register with Jagdish, Nayak, jagdish, 12, June, 2005, WIPRO, LA, LA, Los Angels, California, 90001, United States, 9988776600 and NA</name>
            <title>When I register with Jagdish, Nayak, jagdish, 12, June, 2005, WIPRO, LA, LA, Los Angels, California, 90001, United States, 9988776600 and NA</title>
            <labels>
                <label name='language' value='javascript'/>
                <label name='framework' value='wdio'/>
                <label name='thread' value='0-0'/>
            </labels>
            <parameters>
                <parameter kind='argument' name='browser' value='chrome-90.0.4430.212'/>
            </parameters>
            <steps/>
            <attachments/>
        </test-case>
        <test-case start='1621743224289' status='pending' stop='1621743224289'>
            <name>I register with Jagdish, Nayak, jagdish, 12, June, 2005, WIPRO, LA, LA, Los Angels, California, 90001, United States, 9988776600 and NA</name>
            <title>I register with Jagdish, Nayak, jagdish, 12, June, 2005, WIPRO, LA, LA, Los Angels, California, 90001, United States, 9988776600 and NA</title>
            <labels/>
            <parameters/>
            <steps/>
            <attachments/>
            <failure>
                <message>Test ignored</message>
                <stack-trace>undefined</stack-trace>
            </failure>
        </test-case>
        <test-case start='1621743224289' status='undefined'>
            <name>Then I should Sign Out</name>
            <title>Then I should Sign Out</title>
            <labels>
                <label name='language' value='javascript'/>
                <label name='framework' value='wdio'/>
                <label name='thread' value='0-0'/>
            </labels>
            <parameters>
                <parameter kind='argument' name='browser' value='chrome-90.0.4430.212'/>
            </parameters>
            <steps/>
            <attachments/>
        </test-case>
        <test-case start='1621743224289' status='pending' stop='1621743224289'>
            <name>I should Sign Out</name>
            <title>I should Sign Out</title>
            <labels/>
            <parameters/>
            <steps/>
            <attachments/>
            <failure>
                <message>Test ignored</message>
                <stack-trace>undefined</stack-trace>
            </failure>
        </test-case>
        <test-case start='1621743224290' status='undefined'>
            <name>Then I should Sign In again with jagdishnayak4@gmail.com and jagdish</name>
            <title>Then I should Sign In again with jagdishnayak4@gmail.com and jagdish</title>
            <labels>
                <label name='language' value='javascript'/>
                <label name='framework' value='wdio'/>
                <label name='thread' value='0-0'/>
            </labels>
            <parameters>
                <parameter kind='argument' name='browser' value='chrome-90.0.4430.212'/>
            </parameters>
            <steps/>
            <attachments/>
        </test-case>
        <test-case start='1621743224290' status='pending' stop='1621743224290'>
            <name>I should Sign In again with jagdishnayak4@gmail.com and jagdish</name>
            <title>I should Sign In again with jagdishnayak4@gmail.com and jagdish</title>
            <labels/>
            <parameters/>
            <steps/>
            <attachments/>
            <failure>
                <message>Test ignored</message>
                <stack-trace>undefined</stack-trace>
            </failure>
        </test-case>
        <test-case start='1621743224290' status='undefined'>
            <name>Then I should add a product to the cart</name>
            <title>Then I should add a product to the cart</title>
            <labels>
                <label name='language' value='javascript'/>
                <label name='framework' value='wdio'/>
                <label name='thread' value='0-0'/>
            </labels>
            <parameters>
                <parameter kind='argument' name='browser' value='chrome-90.0.4430.212'/>
            </parameters>
            <steps/>
            <attachments/>
        </test-case>
        <test-case start='1621743224290' status='pending' stop='1621743224290'>
            <name>I should add a product to the cart</name>
            <title>I should add a product to the cart</title>
            <labels/>
            <parameters/>
            <steps/>
            <attachments/>
            <failure>
                <message>Test ignored</message>
                <stack-trace>undefined</stack-trace>
            </failure>
        </test-case>
        <test-case start='1621743224290' status='undefined'>
            <name>Then I should proceed to checkout and continue till payment</name>
            <title>Then I should proceed to checkout and continue till payment</title>
            <labels>
                <label name='language' value='javascript'/>
                <label name='framework' value='wdio'/>
                <label name='thread' value='0-0'/>
            </labels>
            <parameters>
                <parameter kind='argument' name='browser' value='chrome-90.0.4430.212'/>
            </parameters>
            <steps/>
            <attachments/>
        </test-case>
        <test-case start='1621743224290' status='pending' stop='1621743224290'>
            <name>I should proceed to checkout and continue till payment</name>
            <title>I should proceed to checkout and continue till payment</title>
            <labels/>
            <parameters/>
            <steps/>
            <attachments/>
            <failure>
                <message>Test ignored</message>
                <stack-trace>undefined</stack-trace>
            </failure>
        </test-case>
        <test-case start='1621743224291' status='undefined'>
            <name>Then I should validate on the payment page if the product details are correct</name>
            <title>Then I should validate on the payment page if the product details are correct</title>
            <labels>
                <label name='language' value='javascript'/>
                <label name='framework' value='wdio'/>
                <label name='thread' value='0-0'/>
            </labels>
            <parameters>
                <parameter kind='argument' name='browser' value='chrome-90.0.4430.212'/>
            </parameters>
            <steps/>
            <attachments/>
        </test-case>
        <test-case start='1621743224291' status='pending' stop='1621743224291'>
            <name>I should validate on the payment page if the product details are correct</name>
            <title>I should validate on the payment page if the product details are correct</title>
            <labels/>
            <parameters/>
            <steps/>
            <attachments/>
            <failure>
                <message>Test ignored</message>
                <stack-trace>undefined</stack-trace>
            </failure>
        </test-case>
        <test-case start='1621743224291' status='passed' stop='1621743224293'>
            <name></name>
            <title></title>
            <labels>
                <label name='language' value='javascript'/>
                <label name='framework' value='wdio'/>
                <label name='thread' value='0-0'/>
            </labels>
            <parameters>
                <parameter kind='argument' name='browser' value='chrome-90.0.4430.212'/>
            </parameters>
            <steps/>
            <attachments/>
        </test-case>
    </test-cases>
</ns2:test-suite>